[debug] [2024-04-11T20:40:02.344Z] ----------------------------------------------------------------------
[debug] [2024-04-11T20:40:02.346Z] Command:       /Users/leomarcel/.nvm/versions/node/v20.9.0/bin/node /Users/leomarcel/.nvm/versions/node/v20.9.0/bin/firebase init
[debug] [2024-04-11T20:40:02.346Z] CLI Version:   13.7.1
[debug] [2024-04-11T20:40:02.346Z] Platform:      darwin
[debug] [2024-04-11T20:40:02.346Z] Node Version:  v20.9.0
[debug] [2024-04-11T20:40:02.346Z] Time:          Thu Apr 11 2024 22:40:02 GMT+0200 (Central European Summer Time)
[debug] [2024-04-11T20:40:02.346Z] ----------------------------------------------------------------------
[debug] 
[debug] [2024-04-11T20:40:02.347Z] >>> [apiv2][query] GET https://firebase-public.firebaseio.com/cli.json [none]
[debug] [2024-04-11T20:40:02.370Z] > command requires scopes: ["email","openid","https://www.googleapis.com/auth/cloudplatformprojects.readonly","https://www.googleapis.com/auth/firebase","https://www.googleapis.com/auth/cloud-platform"]
[debug] [2024-04-11T20:40:02.370Z] > authorizing via signed-in user (leo.marcel.pro@gmail.com)
[info] 
     ######## #### ########  ######## ########     ###     ######  ########
     ##        ##  ##     ## ##       ##     ##  ##   ##  ##       ##
     ######    ##  ########  ######   ########  #########  ######  ######
     ##        ##  ##    ##  ##       ##     ## ##     ##       ## ##
     ##       #### ##     ## ######## ########  ##     ##  ######  ########

You're about to initialize a Firebase project in this directory:

  /Users/leomarcel/_DEV/tailwind_prefixer

[debug] [2024-04-11T20:40:02.634Z] <<< [apiv2][status] GET https://firebase-public.firebaseio.com/cli.json 200
[debug] [2024-04-11T20:40:02.634Z] <<< [apiv2][body] GET https://firebase-public.firebaseio.com/cli.json {"cloudBuildErrorAfter":1594252800000,"cloudBuildWarnAfter":1590019200000,"defaultNode10After":1594252800000,"minVersion":"3.0.5","node8DeploysDisabledAfter":1613390400000,"node8RuntimeDisabledAfter":1615809600000,"node8WarnAfter":1600128000000}
[info] 
=== Project Setup
[info] 
[info] First, let's associate this project directory with a Firebase project.
[info] You can create multiple project aliases by running firebase use --add, 
[info] but for now we'll just set up a default project.
[info] 
[debug] [2024-04-11T20:40:47.452Z] > refreshing access token with scopes: []
[debug] [2024-04-11T20:40:47.454Z] >>> [apiv2][query] POST https://www.googleapis.com/oauth2/v3/token [none]
[debug] [2024-04-11T20:40:47.455Z] >>> [apiv2][body] POST https://www.googleapis.com/oauth2/v3/token [omitted]
[debug] [2024-04-11T20:40:47.568Z] <<< [apiv2][status] POST https://www.googleapis.com/oauth2/v3/token 200
[debug] [2024-04-11T20:40:47.568Z] <<< [apiv2][body] POST https://www.googleapis.com/oauth2/v3/token [omitted]
[debug] [2024-04-11T20:40:47.583Z] >>> [apiv2][query] GET https://firebase.googleapis.com/v1beta1/projects pageSize=100
[debug] [2024-04-11T20:40:48.227Z] <<< [apiv2][status] GET https://firebase.googleapis.com/v1beta1/projects 200
[debug] [2024-04-11T20:40:48.228Z] <<< [apiv2][body] GET https://firebase.googleapis.com/v1beta1/projects [omitted]
[info] i  Using project tailwind-prefixer (Tailwind Prefixer) 
[info] 
=== Hosting Setup
[debug] [2024-04-11T20:40:50.491Z] >>> [apiv2][query] GET https://firebase.googleapis.com/v1beta1/projects/tailwind-prefixer [none]
[debug] [2024-04-11T20:40:50.725Z] <<< [apiv2][status] GET https://firebase.googleapis.com/v1beta1/projects/tailwind-prefixer 200
[debug] [2024-04-11T20:40:50.725Z] <<< [apiv2][body] GET https://firebase.googleapis.com/v1beta1/projects/tailwind-prefixer {"projectId":"tailwind-prefixer","projectNumber":"163770724985","displayName":"Tailwind Prefixer","name":"projects/tailwind-prefixer","resources":{"hostingSite":"tailwind-prefixer"},"state":"ACTIVE","etag":"1_247c4454-966e-41b8-ad31-9ed4fe4a1939"}
[info] 
[info] Your public directory is the folder (relative to your project directory) that
[info] will contain Hosting assets to be uploaded with firebase deploy. If you
[info] have a build process for your assets, use your build's output directory.
[info] 
